413_13_S21_L001
413_14_S94_L001
413_15_S223_L001
413_16_S192_L001
BLP179_S202_L001
BLP198_S197_L001
BLP199_S207_L001
CGC_001_S196_L001
MAB22_02638_S1_L001
MAB22_02757_S25_L001
MAB22_02822_S37_L001
MAB22_02889_S48_L001
MAB22_02957_S60_L001
MAB22_02959_S72_L001
MAB22_03373_S83_L001
MAB22_03483_S14_L001
MAB22_03484_S26_L001
MAB22_03512_S84_L001
MAB22_03590_S3_L001
MAB22_03597_S15_L001
MAB22_03604_S39_L001
MAB22_03687_S62_L001
MAB22_03707_S85_L001
MAB22_03736_S4_L001
MAB22_03765_S16_L001
MAB22_03809_S28_L001
MAB22_03824_S40_L001
MAB22_04410_S63_L001
MAB22_04427_S75_L001
MAB22_04444_S5_L001
MAB22_04450_S29_L001
MAB22_04536_S52_L001
MAB22_04559_S64_L001
MAB22_04563_S87_L001
MAB22_04603_S6_L001
MAB22_04648_S18_L001
MAB22_04655_S30_L001
MAB22_05391_S41_L001
MAB22_05392_S53_L001
MAB22_05397_S76_L001
MAB22_05398_S88_L001
MAB22_05467_S7_L001
MAB22_05482_S31_L001
MAB22_05490_S42_L001
MAB22_05624_S54_L001
MAB22_05661_S66_L001
MAB22_05763_S89_L001
MAB22_05788_S8_L001
MAB22_05795_S20_L001
MAB22_05814_S32_L001
MAB22_05826_S43_L001
MAB22_05839_S55_L001
MAB22_05860_S67_L001
MAB22_05893_S78_L001
MAB22_05917_S90_L001
MAB22_05952_S9_L001
MAB22_06029_S33_L001
MAB22_06571_S44_L001
MAB22_06578_S56_L001
MAB22_06647_S68_L001
MAB22_06691_S79_L001
MAB22_06710_S91_L001
MAB22_06713_S10_L001
MAB22_06747_S22_L001
MAB22_06779_S34_L001
MAB22_07043_S45_L001
MAB22_07044_S57_L001
MAB22_07049_S69_L001
MAB22_07056_S80_L001
MAB22_07092_S92_L001
MAB22_07926_S23_L001
MAB22_08024_S58_L001
MAB22_08027_S70_L001
MAB22_09466_S81_L001
MAB22_09575_S93_L001
MAB22_09577_S24_L001
MAB22_09590_S47_L001
MAB22_09611_S59_L001
MAB22_09612_S71_L001
MAB22_09614_S82_L001
MAB22_09678_S95_L001
MAB22_10006_S106_L001
MAB22_10035_S118_L001
MAB22_10037_S130_L001
MAB22_10040_S142_L001
MAB22_10193_S154_L001
MAB22_10194_S166_L001
MAB22_10200_S178_L001
MAB22_10201_S96_L001
MAB22_10213_S107_L001
MAB22_10219_S119_L001
MAB22_10220_S131_L001
MAB22_10762_S143_L001
MAB22_10763_S155_L001
MAB22_10764_S167_L001
MAB22_10773_S179_L001
MAB22_11137_S97_L001
MAB22_11194_S108_L001
MAB22_11233_S120_L001
MAB22_11256_S132_L001
MAB22_11262_S144_L001
MAB22_11310_S156_L001
MAB22_11533_S168_L001
MAB22_11535_S180_L001
MAB22_11536_S98_L001
MAB22_11537_S109_L001
MAB22_11541_S121_L001
MAB22_11546_S133_L001
MAB22_11707_S145_L001
MAB22_11835_S169_L001
MAB22_11838_S181_L001
MAB22_11840_S99_L001
MAB22_11856_S110_L001
MAB22_11858_S122_L001
MAB22_11860_S134_L001
MAB22_11861_S146_L001
MAB22_11863_S158_L001
MAB22_11865_S170_L001
MAB22_11868_S182_L001
MAB22_11909_S100_L001
MAB22_12095_S111_L001
MAB22_12096_S123_L001
MAB22_12113_S135_L001
MAB22_12114_S147_L001
MAB22_12116_S159_L001
MAB22_12125_S171_L001
MAB22_12127_S183_L001
MAB22_12130_S101_L001
MAB22_12134_S112_L001
MAB22_12172_S124_L001
MAB22_12173_S136_L001
MAB22_12174_S148_L001
MAB22_12176_S160_L001
MAB22_12212_S172_L001
MAB22_12237_S184_L001
MAB22_12494_S113_L001
MAB22_12537_S125_L001
MAB22_12602_S137_L001
MAB22_12697_S149_L001
MAB22_12705_S161_L001
MAB22_13195_S173_L001
MAB22_13230_S185_L001
MAB22_13233_S102_L001
MAB22_13238_S114_L001
MAB22_13245_S126_L001
MAB22_14131_S138_L001
MAB22_14148_S150_L001
MAB22_14151_S162_L001
MAB22_14161_S174_L001
MAB22_14229_S186_L001
MAB22_14461_S103_L001
MAB22_14509_S115_L001
MAB22_14542_S127_L001
MAB22_14543_S139_L001
MAB22_14545_S151_L001
MAB22_14547_S163_L001
MAB22_14557_S175_L001
MAB22_14561_S187_L001
MAB22_14928_S104_L001
MAB22_14941_S116_L001
MAB22_14942_S128_L001
MAB22_14947_S140_L001
MAB22_14954_S152_L001
MAB22_14955_S164_L001
MAB22_14958_S176_L001
MAB22_15213_S188_L001
MAB22_15215_S105_L001
MAB22_15450_S117_L001
MAB22_15455_S129_L001
MAB22_15457_S141_L001
MAB22_15458_S153_L001
MAB22_15459_S165_L001
MAB22_15461_S177_L001
MAB22_15465_S189_L001
MAB22_15806_S203_L001
MAB22_15971_S208_L001
MAB22_17243_S213_L001
MAB22_17246_S218_L001
MAB22_17620_S221_L001
MAB22_17626_S190_L001
MAB22_17650_S194_L001
MAB22_17672_S199_L001
MAB22_18643_S209_L001
MAB22_18704_S214_L001
MAB22_18737_S219_L001
MAB22_18742_S222_L001
MAB22_18760_S195_L001
MAB22_18763_S200_L001
MAB22_18774_S205_L001
MAB22_18793_S210_L001
MAB22_21224_S215_L001
PT01_S211_L001
PT04_S216_L001
PT05_S220_L001
PT07_S224_L001
SsLI_2108_2_S217_L001
SsLI_3109_4_S212_L001
SsLI_4109_3_S193_L001
WV1_002_S201_L001
WV5_004_S206_L001
