Ind	Poss_Paralogs	Low_Coverage/Errors	Miss_Genotype	Total_Failed	Total_Loci	Prop_Success
413_001	71	192	712	975	9738	0.899876771410967
413_002	68	204	242	514	9738	0.947217087697679
413_003	86	217	264	567	9738	0.94177449168207
413_004	75	191	810	1076	9738	0.889505031834052
413_005	71	205	763	1039	9738	0.893304579995892
413_006	92	200	259	551	9738	0.943417539535839
413_007	90	206	276	572	9738	0.941261039227767
413_008	75	210	290	575	9738	0.940952967755186
413_009	80	229	260	569	9738	0.941569110700349
413_010	76	216	257	549	9738	0.94362292051756
413_011	67	218	293	578	9738	0.940644896282604
413_012	94	219	290	603	9738	0.938077634011091
413_013	86	223	298	607	9738	0.937666872047648
413_014	85	233	245	563	9738	0.942185253645512
413_015	79	219	302	600	9738	0.938385705483672
413_016	74	221	254	549	9738	0.94362292051756
413_017	74	200	888	1162	9738	0.880673649620045
413_018	84	221	228	533	9738	0.945265968371329
413_019	88	219	284	591	9738	0.939309919901417
413_020	88	204	287	579	9738	0.940542205791744
413_021	87	223	304	614	9738	0.936948038611625
413_022	63	195	259	517	9738	0.946909016225098
413_023	73	211	871	1155	9738	0.881392483056069
413_024	95	205	284	584	9738	0.940028753337441
413_025	62	213	893	1168	9738	0.880057506674882
413_026	80	220	272	572	9738	0.941261039227767
413_027	83	221	294	598	9738	0.938591086465393
413_028	84	197	873	1154	9738	0.88149517354693
413_029	80	218	254	552	9738	0.943314849044978
413_030	76	198	260	534	9738	0.945163277880468
413_031	71	216	294	581	9738	0.940336824810023
413_032	81	217	281	579	9738	0.940542205791744
413_033	80	211	569	860	9738	0.91168617785993
413_034	86	223	255	564	9738	0.942082563154652
413_035	79	218	261	558	9738	0.942698706099815
413_036	92	213	284	589	9738	0.939515300883138
413_037	84	219	275	578	9738	0.940644896282604
413_038	71	201	279	551	9738	0.943417539535839
413_039	74	207	271	552	9738	0.943314849044978
413_040	97	207	258	562	9738	0.942287944136373
413_041	83	202	690	975	9738	0.899876771410967
413_042	84	189	284	557	9738	0.942801396590676
413_043	68	226	265	559	9738	0.942596015608955
413_044	65	216	274	555	9738	0.943006777572397
413_045	74	225	289	588	9738	0.939617991373999
413_046	75	212	294	581	9738	0.940336824810023
413_047	86	216	299	601	9738	0.938283014992812
413_048	67	192	770	1029	9738	0.894331484904498
413_049	77	211	830	1118	9738	0.885192031217909
413_050	71	201	282	554	9738	0.943109468063257
536_001	88	224	244	556	9738	0.942904087081536
536_003	71	214	254	539	9738	0.944649825426165
536_004	81	214	872	1167	9738	0.880160197165742
536_005	84	210	235	529	9738	0.945676730334771
536_006	93	203	285	581	9738	0.940336824810023
536_007	75	204	458	737	9738	0.924317108235777
536_008	72	211	294	577	9738	0.940747586773465
536_009	88	225	277	590	9738	0.939412610392278
536_010	90	218	218	526	9738	0.945984801807353
536_011	126	210	185	521	9738	0.946498254261655
536_012	89	204	271	564	9738	0.942082563154652
536_013	88	232	270	590	9738	0.939412610392278
536_014	90	224	287	601	9738	0.938283014992812
536_015	83	203	480	766	9738	0.921339084000822
536_016	71	231	298	600	9738	0.938385705483672
536_017	84	213	262	559	9738	0.942596015608955
536_018	92	216	313	621	9738	0.936229205175601
536_019	87	211	261	559	9738	0.942596015608955
536_020	89	221	193	503	9738	0.948346683097145
536_021	70	222	298	590	9738	0.939412610392278
536_022	95	201	255	551	9738	0.943417539535839
536_024	85	212	252	549	9738	0.94362292051756
536_025	69	227	311	607	9738	0.937666872047648
536_026	83	222	314	619	9738	0.936434586157322
536_029	111	237	331	679	9738	0.930273156705689
BAR_001	86	240	266	592	9738	0.939207229410557
BAR_002	85	209	253	547	9738	0.943828301499281
BAR_003	71	209	755	1035	9738	0.893715341959335
BAR_004	81	228	281	590	9738	0.939412610392278
BAR_005	83	237	266	586	9738	0.93982337235572
BAR_006	77	214	267	558	9738	0.942698706099815
BAR_007	86	216	276	578	9738	0.940644896282604
BAR_008	72	205	245	522	9738	0.946395563770795
BAR_009	61	209	291	561	9738	0.942390634627233
BAR_010	89	200	177	466	9738	0.952146231258985
BLP_179n	73	180	538	791	9738	0.918771821729308
BLP_190	63	217	479	759	9738	0.922057917436845
BLP_191	73	198	478	749	9738	0.923084822345451
BLP_192	75	205	436	716	9738	0.926473608543849
BLP_193	75	243	485	803	9738	0.917539535838981
BLP_194	62	201	924	1187	9738	0.878106387348532
BLP_195	74	203	440	717	9738	0.926370918052988
BLP_198n	218	250	241	709	9738	0.927192441979873
BLP_199n	80	188	529	797	9738	0.918155678784145
BLP_212	59	210	466	735	9738	0.924522489217498
BLP_213	88	206	300	594	9738	0.939001848428835
BLP_231	68	205	492	765	9738	0.921441774491682
BLP_233	71	222	354	647	9738	0.933559252413227
BLP_234	80	213	435	728	9738	0.925241322653522
BLP_237	58	218	803	1079	9738	0.889196960361471
BRW_001	78	222	279	579	9738	0.940542205791744
BRW_002	73	225	731	1029	9738	0.894331484904498
BRW_003	88	206	282	576	9738	0.940850277264325
BRW_004	89	208	276	573	9738	0.941158348736907
BRW_005	142	218	423	783	9738	0.919593345656192
CGC_001	86	214	279	579	9738	0.940542205791744
CGC_002	76	205	299	580	9738	0.940439515300883
CGC_003	68	207	253	528	9738	0.945779420825632
CGC_004	70	196	488	754	9738	0.922571369891148
CGC_005	81	218	267	566	9738	0.941877182172931
CGC_006	80	235	259	574	9738	0.941055658246046
CGC_007	90	207	388	685	9738	0.929657013760526
CGC_008	83	226	269	578	9738	0.940644896282604
CGC_009	70	190	706	966	9738	0.900800985828712
CGC_010	74	220	271	565	9738	0.941979872663791
CGC_011	107	201	306	614	9738	0.936948038611625
CTM_008	90	216	250	556	9738	0.942904087081536
FNJ_001	87	216	286	589	9738	0.939515300883138
FNJ_002	89	187	296	572	9738	0.941261039227767
FNJ_003	97	227	492	816	9738	0.916204559457794
FNJ_004	105	210	628	943	9738	0.903162867118505
FNJ_005	90	185	384	659	9738	0.9323269665229
FNJ_006	93	202	246	541	9738	0.944444444444444
FNJ_007	84	212	240	536	9738	0.944957896898747
FNJ_008	83	221	255	559	9738	0.942596015608955
FNJ_009	87	220	258	565	9738	0.941979872663791
FNJ_010	85	212	244	541	9738	0.944444444444444
FNJ_011	83	197	226	506	9738	0.948038611624564
FNJ_012	85	178	292	555	9738	0.943006777572397
FNJ_013	64	206	456	726	9738	0.925446703635243
FNJ_014	77	198	237	512	9738	0.9474224686794
FNJ_015	103	213	270	586	9738	0.93982337235572
FNJ_016	68	212	249	529	9738	0.945676730334771
FNJ_017	73	200	229	502	9738	0.948449373588006
FNJ_018	119	222	696	1037	9738	0.893509960977613
FNJ_019	96	214	201	511	9738	0.947525159170261
FNJ_020	92	221	157	470	9738	0.951735469295543
FNJ_021	93	195	486	774	9738	0.920517560073937
FNJ_022	101	220	398	719	9738	0.926165537071267
FNJ_023	67	217	254	538	9738	0.944752515917026
FNJ_024	90	227	348	665	9738	0.931710823577737
FNJ_025	82	206	342	630	9738	0.935304990757856
FNJ_026	88	200	472	760	9738	0.921955226945985
FNJ_027	69	208	220	497	9738	0.948962826042309
FNJ_030	84	212	243	539	9738	0.944649825426165
FNJ_031	84	214	264	562	9738	0.942287944136373
FNJ_032	113	236	227	576	9738	0.940850277264325
FNJ_033	103	208	649	960	9738	0.901417128773876
FNJ_034	91	210	243	544	9738	0.944136372971863
FNJ_035	90	215	267	572	9738	0.941261039227767
FNJ_036	98	219	661	978	9738	0.899568699938386
FNJ_037	102	212	246	560	9738	0.942493325118094
FNJ_038	97	202	256	555	9738	0.943006777572397
FNJ_039	75	203	179	457	9738	0.95307044567673
FNJ_040	77	211	273	561	9738	0.942390634627233
FNJ_041	104	215	704	1023	9738	0.894947627849661
FNJ_042	103	202	277	582	9738	0.940234134319162
FNJ_043	72	207	282	561	9738	0.942390634627233
FNJ_044	69	209	440	718	9738	0.926268227562128
FNJ_045	91	206	482	779	9738	0.920004107619634
FNJ_046	83	202	647	932	9738	0.904292462517971
FNJ_047	74	206	288	568	9738	0.94167180119121
FNJ_048	90	201	265	556	9738	0.942904087081536
FNJ_049	87	223	726	1036	9738	0.893612651468474
FNJ_050	77	194	259	530	9738	0.94557403984391
FNJ_051	75	194	266	535	9738	0.945060587389608
GBE_028	78	202	570	850	9738	0.912713082768536
GBE_171	99	227	225	551	9738	0.943417539535839
GBE_172	75	210	243	528	9738	0.945779420825632
GBE_182	80	235	284	599	9738	0.938488395974533
GBE_183	90	210	284	584	9738	0.940028753337441
GBE_184	84	222	832	1138	9738	0.883138221400698
GBE_191	82	226	244	552	9738	0.943314849044978
GBE_192	81	225	245	551	9738	0.943417539535839
GBE_193	71	228	632	931	9738	0.904395153008831
GBE_194	81	222	261	564	9738	0.942082563154652
GBE_195	82	216	285	583	9738	0.940131443828301
GBE_196	100	216	147	463	9738	0.952454302731567
GBE_201	79	199	270	548	9738	0.943725611008421
GBE_203	92	215	210	517	9738	0.946909016225098
GBE_261	84	212	231	527	9738	0.945882111316492
GBE_262	84	210	243	537	9738	0.944855206407887
GBE_263	84	205	348	637	9738	0.934586157321832
GBE_291	73	206	275	554	9738	0.943109468063257
GBE_332	81	207	262	550	9738	0.943520230026699
GBE_333	99	212	191	502	9738	0.948449373588006
GBE_334	79	219	219	517	9738	0.946909016225098
GBE_335	76	211	235	522	9738	0.946395563770795
GBE_336	67	206	243	516	9738	0.947011706715958
GBE_371	93	199	241	533	9738	0.945265968371329
GBE_373	76	191	408	675	9738	0.930683918669131
GBE_381	83	190	284	557	9738	0.942801396590676
GBE_382	85	194	300	579	9738	0.940542205791744
GBE_383	70	213	284	567	9738	0.94177449168207
GBE_384	87	214	255	556	9738	0.942904087081536
GBE_385	75	220	266	561	9738	0.942390634627233
GBE_401	73	213	290	576	9738	0.940850277264325
GBE_402	95	218	278	591	9738	0.939309919901417
GBE_441	78	209	625	912	9738	0.906346272335182
GBE_442	81	224	292	597	9738	0.938693776956254
GBE_443	86	227	314	627	9738	0.935613062230437
GBE_471	80	222	261	563	9738	0.942185253645512
GBE_472	88	215	281	584	9738	0.940028753337441
GBE_473	98	204	268	570	9738	0.941466420209489
GBE_481	70	244	289	603	9738	0.938077634011091
GBE_483	146	206	634	986	9738	0.898747176011501
GBE_484	99	230	278	607	9738	0.937666872047648
GBE_521	110	226	235	571	9738	0.941363729718628
GBE_522	89	232	274	595	9738	0.938899157937975
GBE_523	215	231	67	513	9738	0.94731977818854
MAB22_02638	63	207	334	604	9738	0.93797494352023
MAB22_02757	213	232	379	824	9738	0.91538303553091
MAB22_02822	70	199	522	791	9738	0.918771821729308
MAB22_02889	70	202	341	613	9738	0.937050729102485
MAB22_02957	69	189	1559	1817	9738	0.813411378106387
MAB22_02959	96	191	313	600	9738	0.938385705483672
MAB22_03373	82	188	286	556	9738	0.942904087081536
MAB22_03483	78	182	530	790	9738	0.918874512220168
MAB22_03484	261	229	417	907	9738	0.906859724789485
MAB22_03512	100	201	493	794	9738	0.918463750256726
MAB22_03590	88	180	353	621	9738	0.936229205175601
MAB22_03597	86	191	373	650	9738	0.933251180940645
MAB22_03604	86	203	456	745	9738	0.923495584308893
MAB22_03687	77	194	352	623	9738	0.93602382419388
MAB22_03707	87	200	371	658	9738	0.932429657013761
MAB22_03736	81	182	534	797	9738	0.918155678784145
MAB22_03765	89	193	383	665	9738	0.931710823577737
MAB22_03824	74	193	1503	1770	9738	0.818237831176833
MAB22_04410	174	211	216	601	9738	0.938283014992812
MAB22_04427	91	195	453	739	9738	0.924111727254056
MAB22_04444	84	206	490	780	9738	0.919901417128774
MAB22_04450	223	198	860	1281	9738	0.86845348120764
MAB22_04536	102	202	1342	1646	9738	0.830971452043541
MAB22_04559	78	184	329	591	9738	0.939309919901417
MAB22_04563	83	205	573	861	9738	0.91158348736907
MAB22_04603	76	202	314	592	9738	0.939207229410557
MAB22_04648	69	163	1300	1532	9738	0.842678168001643
MAB22_04655	132	193	345	670	9738	0.931197371123434
MAB22_05392	75	210	817	1102	9738	0.886835079071678
MAB22_05397	80	200	373	653	9738	0.932943109468063
MAB22_05467	87	189	444	720	9738	0.926062846580407
MAB22_05482	183	212	512	907	9738	0.906859724789485
MAB22_05490	73	192	434	699	9738	0.928219346888478
MAB22_05661	179	207	417	803	9738	0.917539535838981
MAB22_05763	84	194	933	1211	9738	0.875641815567878
MAB22_05788	107	213	702	1022	9738	0.895050318340522
MAB22_05839	99	210	523	832	9738	0.914561511604025
MAB22_05860	113	198	738	1049	9738	0.892277675087287
MAB22_05917	75	194	630	899	9738	0.907681248716369
MAB22_05952	73	187	304	564	9738	0.942082563154652
MAB22_06029	190	208	364	762	9738	0.921749845964264
MAB22_06571	85	187	337	609	9738	0.937461491065927
MAB22_06578	73	183	413	669	9738	0.931300061614295
MAB22_06647	93	185	474	752	9738	0.922776750872869
MAB22_06691	69	192	676	937	9738	0.903779010063668
MAB22_06710	96	212	620	928	9738	0.904703224481413
MAB22_06747	89	199	707	995	9738	0.897822961593756
MAB22_06779	274	216	441	931	9738	0.904395153008831
MAB22_07043	82	199	731	1012	9738	0.896077223249127
MAB22_07049	76	183	361	620	9738	0.936331895666461
MAB22_07056	92	212	738	1042	9738	0.892996508523311
MAB22_07092	78	167	1380	1625	9738	0.833127952351612
MAB22_07926	115	195	827	1137	9738	0.883240911891559
MAB22_08024	95	189	725	1009	9738	0.896385294721709
MAB22_09577	89	177	957	1223	9738	0.874409529677552
MAB22_09590	70	197	1022	1289	9738	0.867631957280756
MAB22_09611	66	200	1107	1373	9738	0.85900595604847
MAB22_09612	81	180	664	925	9738	0.905011295953995
MAB22_09678	86	202	501	789	9738	0.918977202711029
MAB22_10006	104	206	337	647	9738	0.933559252413227
MAB22_10035	78	203	332	613	9738	0.937050729102485
MAB22_10037	84	195	372	651	9738	0.933148490449784
MAB22_10040	90	174	298	562	9738	0.942287944136373
MAB22_10200	107	186	347	640	9738	0.93427808584925
MAB22_10213	89	182	363	634	9738	0.934894228794414
MAB22_10219	91	193	401	685	9738	0.929657013760526
MAB22_10220	79	181	332	592	9738	0.939207229410557
MAB22_10762	75	185	374	634	9738	0.934894228794414
MAB22_10763	83	206	549	838	9738	0.913945368658862
MAB22_10764	84	176	1484	1744	9738	0.820907783939207
MAB22_11194	75	182	342	599	9738	0.938488395974533
MAB22_11233	92	195	461	748	9738	0.923187512836311
MAB22_11256	63	179	360	602	9738	0.938180324501951
MAB22_11262	71	191	395	657	9738	0.932532347504621
MAB22_11310	88	177	371	636	9738	0.934688847812693
MAB22_11533	87	194	617	898	9738	0.907783939207229
MAB22_11537	83	166	2028	2277	9738	0.766173752310536
MAB22_11541	69	206	1032	1307	9738	0.865783528445266
MAB22_11546	78	192	349	619	9738	0.936434586157322
MAB22_11707	87	183	378	648	9738	0.933456561922366
MAB22_11835	74	181	422	677	9738	0.93047853768741
MAB22_11838	98	198	311	607	9738	0.937666872047648
MAB22_11840	85	179	310	574	9738	0.941055658246046
MAB22_11856	77	193	1251	1521	9738	0.843807763401109
MAB22_11858	92	187	513	792	9738	0.918669131238447
MAB22_11860	107	206	402	715	9738	0.926576299034709
MAB22_11861	79	199	410	688	9738	0.929348942287944
MAB22_11863	73	186	465	724	9738	0.925652084616964
MAB22_11865	85	180	548	813	9738	0.916512630930376
MAB22_11868	75	172	298	545	9738	0.944033682481002
MAB22_12095	83	204	450	737	9738	0.924317108235777
MAB22_12096	89	207	574	870	9738	0.910659272951325
MAB22_12113	83	187	1017	1287	9738	0.867837338262477
MAB22_12116	82	181	946	1209	9738	0.8758471965496
MAB22_12125	74	202	699	975	9738	0.899876771410967
MAB22_12127	100	192	362	654	9738	0.932840418977203
MAB22_12130	80	224	539	843	9738	0.913431916204559
MAB22_12134	101	216	438	755	9738	0.922468679400288
MAB22_12173	94	195	339	628	9738	0.935510371739577
MAB22_12174	89	200	363	652	9738	0.933045799958924
MAB22_12176	72	197	396	665	9738	0.931710823577737
MAB22_12212	80	190	1072	1342	9738	0.862189361265147
MAB22_12237	83	193	654	930	9738	0.904497843499692
MAB22_12494	77	205	426	708	9738	0.927295132470733
MAB22_12537	87	188	531	806	9738	0.9172314643664
MAB22_12602	94	176	288	558	9738	0.942698706099815
MAB22_12697	77	201	506	784	9738	0.919490655165332
MAB22_12705	74	204	541	819	9738	0.915896487985213
MAB22_13195	80	195	595	870	9738	0.910659272951325
MAB22_13230	55	164	2335	2554	9738	0.737728486342165
MAB22_13233	82	202	373	657	9738	0.932532347504621
MAB22_13238	69	178	406	653	9738	0.932943109468063
MAB22_13245	108	222	657	987	9738	0.898644485520641
MAB22_14131	81	191	443	715	9738	0.926576299034709
MAB22_14148	68	214	803	1085	9738	0.888580817416307
MAB22_14151	77	203	551	831	9738	0.914664202094886
MAB22_14161	99	191	769	1059	9738	0.891250770178681
MAB22_14229	74	185	503	762	9738	0.921749845964264
MAB22_14461	78	179	310	567	9738	0.94177449168207
MAB22_14509	94	194	462	750	9738	0.92298213185459
MAB22_14542	93	179	400	672	9738	0.930991990141713
MAB22_14543	92	190	636	918	9738	0.905730129390019
MAB22_14545	72	193	607	872	9738	0.910453891969604
MAB22_14547	80	191	483	754	9738	0.922571369891148
MAB22_14557	83	190	816	1089	9738	0.888170055452865
MAB22_14561	70	195	533	798	9738	0.918052988293284
MAB22_14928	76	198	301	575	9738	0.940952967755186
MAB22_14941	74	199	399	672	9738	0.930991990141713
MAB22_14947	82	182	374	638	9738	0.934483466830971
MAB22_14954	85	171	364	620	9738	0.936331895666461
MAB22_14955	72	185	730	987	9738	0.898644485520641
MAB22_14958	68	185	365	618	9738	0.936537276648182
MAB22_15450	83	204	397	684	9738	0.929759704251386
MAB22_15455	72	186	332	590	9738	0.939412610392278
MAB22_15457	91	202	532	825	9738	0.915280345040049
MAB22_15459	110	191	1119	1420	9738	0.854179502978024
MAB22_15806	81	188	259	528	9738	0.945779420825632
MAB22_17243	80	187	300	567	9738	0.94177449168207
MAB22_17246	60	181	288	529	9738	0.945676730334771
MAB22_17620	75	197	255	527	9738	0.945882111316492
MAB22_17626	88	179	327	594	9738	0.939001848428835
MAB22_17650	82	185	289	556	9738	0.942904087081536
MAB22_17672	72	180	323	575	9738	0.940952967755186
MAB22_18643	75	197	322	594	9738	0.939001848428835
MAB22_18704	76	200	408	684	9738	0.929759704251386
MAB22_18737	88	189	372	649	9738	0.933353871431505
MAB22_18760	80	164	301	545	9738	0.944033682481002
MAB22_18763	75	187	376	638	9738	0.934483466830971
MAB22_18774	80	181	294	555	9738	0.943006777572397
MAB22_18793	93	204	454	751	9738	0.92287944136373
MAB22_21224	74	183	275	532	9738	0.945368658862189
MCX_015	74	194	1145	1413	9738	0.854898336414048
MCX_016	82	197	525	804	9738	0.917436845348121
MCX_017	73	184	940	1197	9738	0.877079482439926
MCX_018	64	201	1090	1355	9738	0.86085438488396
MCX_019	75	215	612	902	9738	0.907373177243787
MCX_020	64	224	1045	1333	9738	0.863113575682892
MCX_021	69	203	959	1231	9738	0.873588005750668
MCX_027	72	197	528	797	9738	0.918155678784145
MCX_029	60	198	653	911	9738	0.906448962826042
MCX_030	86	208	775	1069	9738	0.890223865270076
MCX_031	69	202	981	1252	9738	0.871431505442596
MCX_032	65	199	1021	1285	9738	0.868042719244198
MCX_033	70	203	1163	1436	9738	0.852536455124255
MCX_034	69	202	814	1085	9738	0.888580817416307
MCX_035	56	210	808	1074	9738	0.889710412815773
MCX_038	68	202	859	1129	9738	0.884062435818443
MCX_039	88	194	1152	1434	9738	0.852741836105977
MCX_046	77	188	1226	1491	9738	0.846888478126925
MCX_047	72	204	533	809	9738	0.916923392893818
MCX_055	66	234	489	789	9738	0.918977202711029
MCX_061	67	230	460	757	9738	0.922263298418566
MCX_062	72	184	597	853	9738	0.912405011295954
MCX_066	71	179	854	1104	9738	0.886629698089957
MCX_067	62	209	867	1138	9738	0.883138221400698
MCX_068	73	201	1033	1307	9738	0.865783528445266
MCX_069	67	187	726	980	9738	0.899363318956665
MCX_079	64	192	1005	1261	9738	0.870507291024851
MCX_080	71	191	1204	1466	9738	0.849455740398439
MCX_084	64	200	1034	1298	9738	0.866707742863011
MCX_089	64	198	463	725	9738	0.925549394126104
MCX_090	79	209	650	938	9738	0.903676319572808
MCX_091	70	204	935	1209	9738	0.8758471965496
MCX_093	63	218	878	1159	9738	0.880981721092627
MCX_096	72	209	943	1224	9738	0.874306839186691
MW_001	85	178	255	518	9738	0.946806325734237
MW_002	73	189	265	527	9738	0.945882111316492
MW_016	68	190	248	506	9738	0.948038611624564
NAN_001	58	197	423	678	9738	0.93037584719655
NAN_002	71	182	786	1039	9738	0.893304579995892
NAN_003	58	195	282	535	9738	0.945060587389608
NAN_007	71	174	281	526	9738	0.945984801807353
NAN_008	81	179	249	509	9738	0.947730540151982
NAN_009	40	153	1487	1680	9738	0.827479975354282
NAN_010	68	188	245	501	9738	0.948552064078866
NAN_012	48	194	725	967	9738	0.900698295337852
NAN_014	61	194	367	622	9738	0.93612651468474
NAN_019	69	179	256	504	9738	0.948243992606285
NAN_021	53	183	498	734	9738	0.924625179708359
NAN_022	55	181	403	639	9738	0.934380776340111
NAN_023	76	202	218	496	9738	0.949065516533169
NAN_024	71	183	235	489	9738	0.949784349969193
NAN_025	79	202	240	521	9738	0.946498254261655
NAN_026	83	193	324	600	9738	0.938385705483672
NAN_028	76	188	543	807	9738	0.917128773875539
NAN_031	82	208	424	714	9738	0.92667898952557
NAN_033	95	233	246	574	9738	0.941055658246046
NAN_034	75	194	247	516	9738	0.947011706715958
NAN_036	80	185	1124	1389	9738	0.857362908194701
NAN_038	59	191	354	604	9738	0.93797494352023
NAN_039	85	214	281	580	9738	0.940439515300883
NAN_041	62	198	436	696	9738	0.92852741836106
NAN_042	68	196	775	1039	9738	0.893304579995892
NAN_045	59	187	361	607	9738	0.937666872047648
NAN_046	92	200	274	566	9738	0.941877182172931
NAN_048	70	186	403	659	9738	0.9323269665229
NAN_049	45	177	1259	1481	9738	0.847915383035531
NAN_050	76	215	254	545	9738	0.944033682481002
PLY_001	80	240	343	663	9738	0.931916204559458
PLY_002	73	219	299	591	9738	0.939309919901417
PLY_003	78	212	293	583	9738	0.940131443828301
PLY_004	69	205	718	992	9738	0.898131033066338
PLY_005	78	220	276	574	9738	0.941055658246046
PLY_006	74	219	305	598	9738	0.938591086465393
PLY_007	68	196	566	830	9738	0.914766892585747
PLY_008	96	215	245	556	9738	0.942904087081536
PLY_009	79	216	278	573	9738	0.941158348736907
PLY_010	91	226	398	715	9738	0.926576299034709
PT_003	72	195	322	589	9738	0.939515300883138
PT_006	71	192	289	552	9738	0.943314849044978
PT_008	69	191	352	612	9738	0.937153419593346
PT_009	70	187	254	511	9738	0.947525159170261
PT_010	79	195	283	557	9738	0.942801396590676
PT_011	65	198	294	557	9738	0.942801396590676
PT_012	52	186	1065	1303	9738	0.866194290408708
PT_013	81	199	302	582	9738	0.940234134319162
PT_014	66	179	1395	1640	9738	0.831587594988704
PT_016	74	200	323	597	9738	0.938693776956254
PT_017	84	189	376	649	9738	0.933353871431505
PT_018	90	191	201	482	9738	0.950503183405217
PT_019	78	194	274	546	9738	0.943930991990142
PT_01n	85	179	308	572	9738	0.941261039227767
PT_020	93	220	350	663	9738	0.931916204559458
PT_04n	88	187	494	769	9738	0.92103101252824
PT_05n	92	204	436	732	9738	0.92483056069008
PT_07n	279	226	114	619	9738	0.936434586157322
PVT_001	75	231	624	930	9738	0.904497843499692
PVT_002	81	213	816	1110	9738	0.886013555144794
PVT_003	83	202	786	1071	9738	0.890018484288355
PVT_004	72	201	242	515	9738	0.947114397206819
PVT_005	79	232	266	577	9738	0.940747586773465
PVT_006	82	207	306	595	9738	0.938899157937975
PVT_007	66	208	259	533	9738	0.945265968371329
PVT_008	65	188	373	626	9738	0.935715752721298
PVT_009	78	207	644	929	9738	0.904600533990553
PVT_010	65	206	279	550	9738	0.943520230026699
SHN_102	64	220	499	783	9738	0.919593345656192
SHN_103	69	190	1003	1262	9738	0.87040460053399
SHN_104	72	214	277	563	9738	0.942185253645512
SHN_151	63	205	871	1139	9738	0.883035530909838
SHN_152	64	188	879	1131	9738	0.883857054836722
SsLI1101_1	63	186	438	687	9738	0.929451632778805
SsLI1102_1	88	211	301	600	9738	0.938385705483672
SsLI1102_2	72	191	447	710	9738	0.927089751489012
SsLI1102_3	83	204	440	727	9738	0.925344013144383
SsLI1102_4	74	187	417	678	9738	0.93037584719655
SsLI1107_1	69	217	762	1048	9738	0.892380365578147
SsLI1107_2	61	190	498	749	9738	0.923084822345451
SsLI1107_3	76	212	439	727	9738	0.925344013144383
SsLI1112_1	59	171	534	764	9738	0.921544464982543
SsLI1112_2	71	190	499	760	9738	0.921955226945985
SsLI1113_4	163	209	503	875	9738	0.910145820497022
SsLI1113_5	67	175	446	688	9738	0.929348942287944
SsLI1116_2	75	199	583	857	9738	0.911994249332512
SsLI1117_2	65	208	250	523	9738	0.946292873279934
SsLI1117_4	84	208	606	898	9738	0.907783939207229
SsLI2101_7	81	203	613	897	9738	0.90788662969809
SsLI2107_1	68	192	481	741	9738	0.923906346272335
SsLI2107_2	77	204	384	665	9738	0.931710823577737
SsLI2108_1	78	219	496	793	9738	0.918566440747587
SsLI2108_2n	87	185	476	748	9738	0.923187512836311
SsLI2108_3	43	196	989	1228	9738	0.873896077223249
SsLI2109_2	69	220	429	718	9738	0.926268227562128
SsLI2109_3	67	213	420	700	9738	0.928116656397618
SsLI2109_4	72	229	455	756	9738	0.922365988909427
SsLI3105_2	67	194	417	678	9738	0.93037584719655
SsLI3105_3	87	211	714	1012	9738	0.896077223249127
SsLI3105_5	69	229	319	617	9738	0.936639967139043
SsLI3109_1	74	198	453	725	9738	0.925549394126104
SsLI3109_2	76	201	406	683	9738	0.929862394742247
SsLI3109_3	77	209	412	698	9738	0.928322037379339
SsLI3109_4	88	215	418	721	9738	0.925960156089546
SsLI3109_5	78	195	436	709	9738	0.927192441979873
SsLI4106_1	76	195	310	581	9738	0.940336824810023
SsLI4106_2	80	206	346	632	9738	0.935099609776135
SsLI4106_3	88	198	358	644	9738	0.933867323885808
SsLI4106_4	83	190	342	615	9738	0.936845348120764
SsLI4106_5	91	196	225	512	9738	0.9474224686794
SsLI4109_1	95	223	212	530	9738	0.94557403984391
SsLI4109_3n	79	185	496	760	9738	0.921955226945985
SsLI4121_2	63	184	444	691	9738	0.929040870815362
SsLI4121_3	83	207	383	673	9738	0.930889299650852
SsLI4121_4	76	196	560	832	9738	0.914561511604025
SsLI4121_5	77	209	368	654	9738	0.932840418977203
SsLI4129_1	65	196	467	728	9738	0.925241322653522
SsLI4129_2	76	209	336	621	9738	0.936229205175601
SsLI4129_3	65	200	638	903	9738	0.907270486752927
SsLI4139_1	69	226	264	559	9738	0.942596015608955
SsLI4146_1	71	225	462	758	9738	0.922160607927706
SsLI4146_2	78	192	403	673	9738	0.930889299650852
WV1_001	74	217	404	695	9738	0.92863010885192
WV1_002	89	206	463	758	9738	0.922160607927706
WV1_003	73	209	458	740	9738	0.924009036763196
WV1_004	63	195	461	719	9738	0.926165537071267
WV1_005	84	220	488	792	9738	0.918669131238447
WV1_006	76	211	516	803	9738	0.917539535838981
WV1_007	72	188	978	1238	9738	0.872869172314644
WV1_008	61	196	758	1015	9738	0.895769151776545
WV1_009	67	197	490	754	9738	0.922571369891148
WV1_010	83	217	482	782	9738	0.919696036147053
WV5_001	79	215	490	784	9738	0.919490655165332
WV5_002	70	215	502	787	9738	0.91918258369275
WV5_003	57	214	489	760	9738	0.921955226945985
WV5_004	82	226	492	800	9738	0.917847607311563
WV5_005	75	208	474	757	9738	0.922263298418566
WV5_006	74	200	953	1227	9738	0.87399876771411
WV5_007	57	197	487	741	9738	0.923906346272335
WV5_008	65	211	485	761	9738	0.921852536455124
WV5_009	75	228	485	788	9738	0.91907989320189
WV5_010	59	221	500	780	9738	0.919901417128774
