Ind	Poss_Paralogs	Low_Coverage/Errors	Miss_Genotype	Total_Failed	Total_Loci	Prop_Success
413_001	73	194	712	979	9738	0.899466009447525
413_002	67	208	242	517	9738	0.946909016225098
413_003	88	216	264	568	9738	0.94167180119121
413_004	78	191	810	1079	9738	0.889196960361471
413_005	70	205	763	1038	9738	0.893407270486753
413_006	94	198	259	551	9738	0.943417539535839
413_007	92	205	276	573	9738	0.941158348736907
413_008	82	209	290	581	9738	0.940336824810023
413_009	83	227	260	570	9738	0.941466420209489
413_010	75	215	257	547	9738	0.943828301499281
413_011	67	215	293	575	9738	0.940952967755186
413_012	92	217	290	599	9738	0.938488395974533
413_013	87	222	298	607	9738	0.937666872047648
413_014	87	230	245	562	9738	0.942287944136373
413_015	78	220	302	600	9738	0.938385705483672
413_016	75	220	254	549	9738	0.94362292051756
413_017	75	199	888	1162	9738	0.880673649620045
413_018	81	217	228	526	9738	0.945984801807353
413_019	88	219	284	591	9738	0.939309919901417
413_020	91	205	287	583	9738	0.940131443828301
413_021	89	222	304	615	9738	0.936845348120764
413_022	65	194	259	518	9738	0.946806325734237
413_023	75	211	871	1157	9738	0.881187102074348
413_024	95	203	284	582	9738	0.940234134319162
413_025	65	213	893	1171	9738	0.8797494352023
413_026	83	219	272	574	9738	0.941055658246046
413_027	76	216	294	586	9738	0.93982337235572
413_028	83	198	873	1154	9738	0.88149517354693
413_029	80	218	254	552	9738	0.943314849044978
413_030	76	195	260	531	9738	0.94547134935305
413_031	75	219	294	588	9738	0.939617991373999
413_032	78	217	281	576	9738	0.940850277264325
413_033	79	211	569	859	9738	0.911788868350791
413_034	90	221	255	566	9738	0.941877182172931
413_035	80	217	261	558	9738	0.942698706099815
413_036	88	217	284	589	9738	0.939515300883138
413_037	84	217	275	576	9738	0.940850277264325
413_038	72	198	279	549	9738	0.94362292051756
413_039	72	210	271	553	9738	0.943212158554118
413_040	98	211	258	567	9738	0.94177449168207
413_041	82	202	690	974	9738	0.899979461901828
413_042	87	190	284	561	9738	0.942390634627233
413_043	70	231	265	566	9738	0.941877182172931
413_044	68	212	274	554	9738	0.943109468063257
413_045	74	226	289	589	9738	0.939515300883138
413_046	77	212	294	583	9738	0.940131443828301
413_047	80	217	299	596	9738	0.938796467447114
413_048	67	192	770	1029	9738	0.894331484904498
413_049	78	210	830	1118	9738	0.885192031217909
413_050	69	203	282	554	9738	0.943109468063257
536_001	83	224	244	551	9738	0.943417539535839
536_003	71	212	254	537	9738	0.944855206407887
536_004	80	214	872	1166	9738	0.880262887656603
536_005	79	214	235	528	9738	0.945779420825632
536_006	95	204	285	584	9738	0.940028753337441
536_007	76	204	458	738	9738	0.924214417744917
536_008	71	210	294	575	9738	0.940952967755186
536_009	87	222	277	586	9738	0.93982337235572
536_010	89	218	218	525	9738	0.946087492298213
536_011	125	212	185	522	9738	0.946395563770795
536_012	91	206	271	568	9738	0.94167180119121
536_013	90	233	270	593	9738	0.939104538919696
536_014	89	223	287	599	9738	0.938488395974533
536_015	81	200	480	761	9738	0.921852536455124
536_016	77	231	298	606	9738	0.937769562538509
536_017	83	215	262	560	9738	0.942493325118094
536_018	91	217	313	621	9738	0.936229205175601
536_019	85	211	261	557	9738	0.942801396590676
536_020	93	222	193	508	9738	0.947833230642843
536_021	66	224	298	588	9738	0.939617991373999
536_022	97	204	255	556	9738	0.942904087081536
536_024	84	215	252	551	9738	0.943417539535839
536_025	70	227	311	608	9738	0.937564181556788
536_026	84	225	314	623	9738	0.93602382419388
536_029	112	236	331	679	9738	0.930273156705689
BAR_001	87	237	266	590	9738	0.939412610392278
BAR_002	80	210	253	543	9738	0.944239063462723
BAR_003	73	209	755	1037	9738	0.893509960977613
BAR_004	79	227	281	587	9738	0.939720681864859
BAR_005	81	237	266	584	9738	0.940028753337441
BAR_006	78	211	267	556	9738	0.942904087081536
BAR_007	88	214	276	578	9738	0.940644896282604
BAR_008	77	206	245	528	9738	0.945779420825632
BAR_009	60	210	291	561	9738	0.942390634627233
BAR_010	93	202	177	472	9738	0.951530088313822
BLP_179n	69	183	538	790	9738	0.918874512220168
BLP_190	61	220	479	760	9738	0.921955226945985
BLP_191	77	198	478	753	9738	0.922674060382009
BLP_192	77	203	436	716	9738	0.926473608543849
BLP_193	77	236	485	798	9738	0.918052988293284
BLP_194	62	200	924	1186	9738	0.878209077839392
BLP_195	75	206	440	721	9738	0.925960156089546
BLP_198n	215	249	241	705	9738	0.927603203943315
BLP_199n	85	194	529	808	9738	0.917026083384679
BLP_212	61	209	466	736	9738	0.924419798726638
BLP_213	85	205	300	590	9738	0.939412610392278
BLP_231	70	203	492	765	9738	0.921441774491682
BLP_233	76	224	354	654	9738	0.932840418977203
BLP_234	79	211	435	725	9738	0.925549394126104
BLP_237	59	218	803	1080	9738	0.88909426987061
BRW_001	81	219	279	579	9738	0.940542205791744
BRW_002	75	226	731	1032	9738	0.894023413431916
BRW_003	86	204	282	572	9738	0.941261039227767
BRW_004	89	207	276	572	9738	0.941261039227767
BRW_005	144	219	423	786	9738	0.919285274183611
CGC_001	81	211	279	571	9738	0.941363729718628
CGC_002	78	203	299	580	9738	0.940439515300883
CGC_003	68	205	253	526	9738	0.945984801807353
CGC_004	76	197	488	761	9738	0.921852536455124
CGC_005	80	219	267	566	9738	0.941877182172931
CGC_006	77	232	259	568	9738	0.94167180119121
CGC_007	85	208	388	681	9738	0.930067775723968
CGC_008	81	227	269	577	9738	0.940747586773465
CGC_009	70	189	706	965	9738	0.900903676319573
CGC_010	74	219	271	564	9738	0.942082563154652
CGC_011	103	201	306	610	9738	0.937358800575067
CTM_008	91	218	250	559	9738	0.942596015608955
FNJ_001	84	210	286	580	9738	0.940439515300883
FNJ_002	87	188	296	571	9738	0.941363729718628
FNJ_003	90	226	492	808	9738	0.917026083384679
FNJ_004	110	211	628	949	9738	0.902546724173342
FNJ_005	87	186	384	657	9738	0.932532347504621
FNJ_006	91	202	246	539	9738	0.944649825426165
FNJ_007	86	210	240	536	9738	0.944957896898747
FNJ_008	87	219	255	561	9738	0.942390634627233
FNJ_009	86	220	258	564	9738	0.942082563154652
FNJ_010	86	213	244	543	9738	0.944239063462723
FNJ_011	85	198	226	509	9738	0.947730540151982
FNJ_012	85	180	292	557	9738	0.942801396590676
FNJ_013	68	207	456	731	9738	0.924933251180941
FNJ_014	79	197	237	513	9738	0.94731977818854
FNJ_015	99	212	270	581	9738	0.940336824810023
FNJ_016	69	212	249	530	9738	0.94557403984391
FNJ_017	69	206	229	504	9738	0.948243992606285
FNJ_018	117	221	696	1034	9738	0.893818032450195
FNJ_019	94	216	201	511	9738	0.947525159170261
FNJ_020	95	226	157	478	9738	0.950913945368659
FNJ_021	93	194	486	773	9738	0.920620250564798
FNJ_022	101	216	398	715	9738	0.926576299034709
FNJ_023	69	219	254	542	9738	0.944341753953584
FNJ_024	84	227	348	659	9738	0.9323269665229
FNJ_025	82	197	342	621	9738	0.936229205175601
FNJ_026	87	199	472	758	9738	0.922160607927706
FNJ_027	70	204	220	494	9738	0.94927089751489
FNJ_030	79	212	243	534	9738	0.945163277880468
FNJ_031	86	213	264	563	9738	0.942185253645512
FNJ_032	111	235	227	573	9738	0.941158348736907
FNJ_033	100	207	649	956	9738	0.901827890737318
FNJ_034	93	210	243	546	9738	0.943930991990142
FNJ_035	93	217	267	577	9738	0.940747586773465
FNJ_036	100	220	661	981	9738	0.899260628465804
FNJ_037	106	212	246	564	9738	0.942082563154652
FNJ_038	99	200	256	555	9738	0.943006777572397
FNJ_039	75	201	179	455	9738	0.953275826658451
FNJ_040	78	210	273	561	9738	0.942390634627233
FNJ_041	106	214	704	1024	9738	0.894844937358801
FNJ_042	105	201	277	583	9738	0.940131443828301
FNJ_043	71	210	282	563	9738	0.942185253645512
FNJ_044	65	211	440	716	9738	0.926473608543849
FNJ_045	98	206	482	786	9738	0.919285274183611
FNJ_046	82	202	647	931	9738	0.904395153008831
FNJ_047	69	206	288	563	9738	0.942185253645512
FNJ_048	88	203	265	556	9738	0.942904087081536
FNJ_049	88	223	726	1037	9738	0.893509960977613
FNJ_050	77	198	259	534	9738	0.945163277880468
FNJ_051	72	194	266	532	9738	0.945368658862189
GBE_028	76	202	570	848	9738	0.912918463750257
GBE_171	100	231	225	556	9738	0.942904087081536
GBE_172	77	209	243	529	9738	0.945676730334771
GBE_182	82	240	284	606	9738	0.937769562538509
GBE_183	93	210	284	587	9738	0.939720681864859
GBE_184	89	221	832	1142	9738	0.882727459437256
GBE_191	85	230	244	559	9738	0.942596015608955
GBE_192	81	224	245	550	9738	0.943520230026699
GBE_193	70	228	632	930	9738	0.904497843499692
GBE_194	84	222	261	567	9738	0.94177449168207
GBE_195	79	217	285	581	9738	0.940336824810023
GBE_196	102	218	147	467	9738	0.952043540768125
GBE_201	80	200	270	550	9738	0.943520230026699
GBE_203	97	212	210	519	9738	0.946703635243376
GBE_261	83	212	231	526	9738	0.945984801807353
GBE_262	82	205	243	530	9738	0.94557403984391
GBE_263	86	209	348	643	9738	0.933970014376669
GBE_291	73	204	275	552	9738	0.943314849044978
GBE_332	76	211	262	549	9738	0.94362292051756
GBE_333	99	210	191	500	9738	0.948654754569727
GBE_334	84	217	219	520	9738	0.946600944752516
GBE_335	77	211	235	523	9738	0.946292873279934
GBE_336	61	209	243	513	9738	0.94731977818854
GBE_371	94	198	241	533	9738	0.945265968371329
GBE_373	76	193	408	677	9738	0.93047853768741
GBE_381	87	194	284	565	9738	0.941979872663791
GBE_382	83	198	300	581	9738	0.940336824810023
GBE_383	73	215	284	572	9738	0.941261039227767
GBE_384	90	216	255	561	9738	0.942390634627233
GBE_385	78	220	266	564	9738	0.942082563154652
GBE_401	70	213	290	573	9738	0.941158348736907
GBE_402	96	218	278	592	9738	0.939207229410557
GBE_441	80	209	625	914	9738	0.906140891353461
GBE_442	79	223	292	594	9738	0.939001848428835
GBE_443	88	226	314	628	9738	0.935510371739577
GBE_471	77	221	261	559	9738	0.942596015608955
GBE_472	89	215	281	585	9738	0.93992606284658
GBE_473	98	203	268	569	9738	0.941569110700349
GBE_481	71	244	289	604	9738	0.93797494352023
GBE_483	153	204	634	991	9738	0.898233723557199
GBE_484	98	231	278	607	9738	0.937666872047648
GBE_521	113	228	235	576	9738	0.940850277264325
GBE_522	88	231	274	593	9738	0.939104538919696
GBE_523	210	232	67	509	9738	0.947730540151982
MAB22_02638	62	205	334	601	9738	0.938283014992812
MAB22_02757	215	230	379	824	9738	0.91538303553091
MAB22_02822	71	197	522	790	9738	0.918874512220168
MAB22_02889	67	202	341	610	9738	0.937358800575067
MAB22_02957	69	189	1559	1817	9738	0.813411378106387
MAB22_02959	94	190	313	597	9738	0.938693776956254
MAB22_03373	84	186	286	556	9738	0.942904087081536
MAB22_03483	78	183	530	791	9738	0.918771821729308
MAB22_03484	273	230	417	920	9738	0.905524748408297
MAB22_03512	99	195	493	787	9738	0.91918258369275
MAB22_03590	89	180	353	622	9738	0.93612651468474
MAB22_03597	83	192	373	648	9738	0.933456561922366
MAB22_03604	88	206	456	750	9738	0.92298213185459
MAB22_03687	76	195	352	623	9738	0.93602382419388
MAB22_03707	88	203	371	662	9738	0.932018895050318
MAB22_03736	79	183	534	796	9738	0.918258369275005
MAB22_03765	91	191	383	665	9738	0.931710823577737
MAB22_03824	76	190	1503	1769	9738	0.818340521667694
MAB22_04410	177	207	216	600	9738	0.938385705483672
MAB22_04427	87	193	453	733	9738	0.92472787019922
MAB22_04444	87	205	490	782	9738	0.919696036147053
MAB22_04450	213	199	860	1272	9738	0.869377695625385
MAB22_04536	102	201	1342	1645	9738	0.831074142534401
MAB22_04559	75	187	329	591	9738	0.939309919901417
MAB22_04563	85	206	573	864	9738	0.911275415896488
MAB22_04603	81	202	314	597	9738	0.938693776956254
MAB22_04648	67	165	1300	1532	9738	0.842678168001643
MAB22_04655	122	195	345	662	9738	0.932018895050318
MAB22_05392	75	211	817	1103	9738	0.886732388580817
MAB22_05397	79	197	373	649	9738	0.933353871431505
MAB22_05467	88	188	444	720	9738	0.926062846580407
MAB22_05482	191	211	512	914	9738	0.906140891353461
MAB22_05490	67	194	434	695	9738	0.92863010885192
MAB22_05661	180	207	417	804	9738	0.917436845348121
MAB22_05763	79	197	933	1209	9738	0.8758471965496
MAB22_05788	109	213	702	1024	9738	0.894844937358801
MAB22_05839	103	211	523	837	9738	0.914048059149723
MAB22_05860	115	201	738	1054	9738	0.891764222632984
MAB22_05917	81	191	630	902	9738	0.907373177243787
MAB22_05952	74	191	304	569	9738	0.941569110700349
MAB22_06029	191	206	364	761	9738	0.921852536455124
MAB22_06571	83	188	337	608	9738	0.937564181556788
MAB22_06578	72	184	413	669	9738	0.931300061614295
MAB22_06647	96	189	474	759	9738	0.922057917436845
MAB22_06691	74	194	676	944	9738	0.903060176627644
MAB22_06710	95	214	620	929	9738	0.904600533990553
MAB22_06747	88	200	707	995	9738	0.897822961593756
MAB22_06779	268	216	441	925	9738	0.905011295953995
MAB22_07043	82	198	731	1011	9738	0.896179913739988
MAB22_07049	77	181	361	619	9738	0.936434586157322
MAB22_07056	94	212	738	1044	9738	0.89279112754159
MAB22_07092	80	165	1380	1625	9738	0.833127952351612
MAB22_07926	112	193	827	1132	9738	0.883754364345862
MAB22_08024	97	193	725	1015	9738	0.895769151776545
MAB22_09577	91	179	957	1227	9738	0.87399876771411
MAB22_09590	71	199	1022	1292	9738	0.867323885808174
MAB22_09611	68	201	1107	1376	9738	0.858697884575888
MAB22_09612	77	182	664	923	9738	0.905216676935716
MAB22_09678	87	200	501	788	9738	0.91907989320189
MAB22_10006	107	204	337	648	9738	0.933456561922366
MAB22_10035	74	201	332	607	9738	0.937666872047648
MAB22_10037	75	199	372	646	9738	0.933661942904087
MAB22_10040	89	167	298	554	9738	0.943109468063257
MAB22_10200	108	185	347	640	9738	0.93427808584925
MAB22_10213	86	181	363	630	9738	0.935304990757856
MAB22_10219	94	194	401	689	9738	0.929246251797084
MAB22_10220	76	183	332	591	9738	0.939309919901417
MAB22_10762	74	186	374	634	9738	0.934894228794414
MAB22_10763	83	206	549	838	9738	0.913945368658862
MAB22_10764	82	176	1484	1742	9738	0.821113164920928
MAB22_11194	77	181	342	600	9738	0.938385705483672
MAB22_11233	89	195	461	745	9738	0.923495584308893
MAB22_11256	66	181	360	607	9738	0.937666872047648
MAB22_11262	72	193	395	660	9738	0.932224276032039
MAB22_11310	89	176	371	636	9738	0.934688847812693
MAB22_11533	83	198	617	898	9738	0.907783939207229
MAB22_11537	85	165	2028	2278	9738	0.766071061819676
MAB22_11541	71	205	1032	1308	9738	0.865680837954405
MAB22_11546	79	192	349	620	9738	0.936331895666461
MAB22_11707	81	179	378	638	9738	0.934483466830971
MAB22_11835	80	180	422	682	9738	0.929965085233107
MAB22_11838	99	197	311	607	9738	0.937666872047648
MAB22_11840	93	180	310	583	9738	0.940131443828301
MAB22_11856	76	193	1251	1520	9738	0.84391045389197
MAB22_11858	95	192	513	800	9738	0.917847607311563
MAB22_11860	107	205	402	714	9738	0.92667898952557
MAB22_11861	83	201	410	694	9738	0.928732799342781
MAB22_11863	69	189	465	723	9738	0.925754775107825
MAB22_11865	84	182	548	814	9738	0.916409940439515
MAB22_11868	80	173	298	551	9738	0.943417539535839
MAB22_12095	83	198	450	731	9738	0.924933251180941
MAB22_12096	91	208	574	873	9738	0.910351201478743
MAB22_12113	86	185	1017	1288	9738	0.867734647771616
MAB22_12116	90	179	946	1215	9738	0.875231053604436
MAB22_12125	75	202	699	976	9738	0.899774080920107
MAB22_12127	103	189	362	654	9738	0.932840418977203
MAB22_12130	74	223	539	836	9738	0.914150749640583
MAB22_12134	98	218	438	754	9738	0.922571369891148
MAB22_12173	95	202	339	636	9738	0.934688847812693
MAB22_12174	86	204	363	653	9738	0.932943109468063
MAB22_12176	73	193	396	662	9738	0.932018895050318
MAB22_12212	76	190	1072	1338	9738	0.862600123228589
MAB22_12237	89	191	654	934	9738	0.90408708153625
MAB22_12494	77	210	426	713	9738	0.92678168001643
MAB22_12537	88	189	531	808	9738	0.917026083384679
MAB22_12602	88	168	288	544	9738	0.944136372971863
MAB22_12697	78	203	506	787	9738	0.91918258369275
MAB22_12705	77	204	541	822	9738	0.915588416512631
MAB22_13195	78	193	595	866	9738	0.911070034914767
MAB22_13230	54	165	2335	2554	9738	0.737728486342165
MAB22_13233	85	204	373	662	9738	0.932018895050318
MAB22_13238	74	177	406	657	9738	0.932532347504621
MAB22_13245	108	222	657	987	9738	0.898644485520641
MAB22_14131	83	190	443	716	9738	0.926473608543849
MAB22_14148	66	211	803	1080	9738	0.88909426987061
MAB22_14151	77	202	551	830	9738	0.914766892585747
MAB22_14161	97	190	769	1056	9738	0.891558841651263
MAB22_14229	68	183	503	754	9738	0.922571369891148
MAB22_14461	77	181	310	568	9738	0.94167180119121
MAB22_14509	92	195	462	749	9738	0.923084822345451
MAB22_14542	91	181	400	672	9738	0.930991990141713
MAB22_14543	96	188	636	920	9738	0.905524748408297
MAB22_14545	72	195	607	874	9738	0.910248510987883
MAB22_14547	80	190	483	753	9738	0.922674060382009
MAB22_14557	88	193	816	1097	9738	0.887348531525981
MAB22_14561	69	196	533	798	9738	0.918052988293284
MAB22_14928	79	199	301	579	9738	0.940542205791744
MAB22_14941	75	202	399	676	9738	0.930581228178271
MAB22_14947	85	183	374	642	9738	0.934072704867529
MAB22_14954	82	172	364	618	9738	0.936537276648182
MAB22_14955	73	181	730	984	9738	0.898952556993222
MAB22_14958	67	184	365	616	9738	0.936742657629903
MAB22_15450	84	200	397	681	9738	0.930067775723968
MAB22_15455	68	189	332	589	9738	0.939515300883138
MAB22_15457	86	200	532	818	9738	0.915999178476073
MAB22_15459	107	192	1119	1418	9738	0.854384883959745
MAB22_15806	76	185	259	520	9738	0.946600944752516
MAB22_17243	78	187	300	565	9738	0.941979872663791
MAB22_17246	61	182	288	531	9738	0.94547134935305
MAB22_17620	74	200	255	529	9738	0.945676730334771
MAB22_17626	88	181	327	596	9738	0.938796467447114
MAB22_17650	81	185	289	555	9738	0.943006777572397
MAB22_17672	75	181	323	579	9738	0.940542205791744
MAB22_18643	77	199	322	598	9738	0.938591086465393
MAB22_18704	75	203	408	686	9738	0.929554323269665
MAB22_18737	85	191	372	648	9738	0.933456561922366
MAB22_18760	82	166	301	549	9738	0.94362292051756
MAB22_18763	75	186	376	637	9738	0.934586157321832
MAB22_18774	77	180	294	551	9738	0.943417539535839
MAB22_18793	94	204	454	752	9738	0.922776750872869
MAB22_21224	81	183	275	539	9738	0.944649825426165
MCX_015	74	196	1145	1415	9738	0.854692955432327
MCX_016	81	193	525	799	9738	0.917950297802424
MCX_017	74	184	940	1198	9738	0.876976791949066
MCX_018	62	202	1090	1354	9738	0.86095707537482
MCX_019	76	214	612	902	9738	0.907373177243787
MCX_020	66	224	1045	1335	9738	0.862908194701171
MCX_021	71	203	959	1233	9738	0.873382624768946
MCX_027	73	197	528	798	9738	0.918052988293284
MCX_029	61	200	653	914	9738	0.906140891353461
MCX_030	82	209	775	1066	9738	0.890531936742658
MCX_031	68	202	981	1251	9738	0.871534195933457
MCX_032	64	200	1021	1285	9738	0.868042719244198
MCX_033	68	204	1163	1435	9738	0.852639145615116
MCX_034	67	202	814	1083	9738	0.888786198398028
MCX_035	61	210	808	1079	9738	0.889196960361471
MCX_038	69	202	859	1130	9738	0.883959745327583
MCX_039	86	194	1152	1432	9738	0.852947217087698
MCX_046	76	188	1226	1490	9738	0.846991168617786
MCX_047	74	203	533	810	9738	0.916820702402958
MCX_055	62	235	489	786	9738	0.919285274183611
MCX_061	67	227	460	754	9738	0.922571369891148
MCX_062	74	182	597	853	9738	0.912405011295954
MCX_066	71	180	854	1105	9738	0.886527007599096
MCX_067	63	209	867	1139	9738	0.883035530909838
MCX_068	69	200	1033	1302	9738	0.866296980899569
MCX_069	68	188	726	982	9738	0.899157937974943
MCX_079	66	193	1005	1264	9738	0.870199219552269
MCX_080	70	191	1204	1465	9738	0.8495584308893
MCX_084	63	199	1034	1296	9738	0.866913123844732
MCX_089	62	197	463	722	9738	0.925857465598686
MCX_090	74	208	650	932	9738	0.904292462517971
MCX_091	70	204	935	1209	9738	0.8758471965496
MCX_093	64	218	878	1160	9738	0.880879030601766
MCX_096	74	210	943	1227	9738	0.87399876771411
MW_001	79	176	255	510	9738	0.947627849661121
MW_002	73	190	265	528	9738	0.945779420825632
MW_016	68	199	248	515	9738	0.947114397206819
NAN_001	59	201	423	683	9738	0.929862394742247
NAN_002	72	189	786	1047	9738	0.892483056069008
NAN_003	59	203	282	544	9738	0.944136372971863
NAN_007	71	180	281	532	9738	0.945368658862189
NAN_008	80	185	249	514	9738	0.947217087697679
NAN_009	39	153	1487	1679	9738	0.827582665845143
NAN_010	74	193	245	512	9738	0.9474224686794
NAN_012	53	196	725	974	9738	0.899979461901828
NAN_014	59	193	367	619	9738	0.936434586157322
NAN_019	70	177	256	503	9738	0.948346683097145
NAN_021	52	186	498	736	9738	0.924419798726638
NAN_022	53	176	403	632	9738	0.935099609776135
NAN_023	78	206	218	502	9738	0.948449373588006
NAN_024	72	190	235	497	9738	0.948962826042309
NAN_025	78	199	240	517	9738	0.946909016225098
NAN_026	74	190	324	588	9738	0.939617991373999
NAN_028	74	188	543	805	9738	0.91733415485726
NAN_031	81	215	424	720	9738	0.926062846580407
NAN_033	96	232	246	574	9738	0.941055658246046
NAN_034	73	193	247	513	9738	0.94731977818854
NAN_036	82	185	1124	1391	9738	0.85715752721298
NAN_038	57	194	354	605	9738	0.937872253029369
NAN_039	83	213	281	577	9738	0.940747586773465
NAN_041	64	198	436	698	9738	0.928322037379339
NAN_042	68	199	775	1042	9738	0.892996508523311
NAN_045	64	190	361	615	9738	0.936845348120764
NAN_046	86	205	274	565	9738	0.941979872663791
NAN_048	67	175	403	645	9738	0.933764633394948
NAN_049	42	177	1259	1478	9738	0.848223454508113
NAN_050	75	213	254	542	9738	0.944341753953584
PLY_001	87	240	343	670	9738	0.931197371123434
PLY_002	73	225	299	597	9738	0.938693776956254
PLY_003	76	209	293	578	9738	0.940644896282604
PLY_004	74	204	718	996	9738	0.897720271102896
PLY_005	79	219	276	574	9738	0.941055658246046
PLY_006	71	214	305	590	9738	0.939412610392278
PLY_007	67	195	566	828	9738	0.914972273567468
PLY_008	97	212	245	554	9738	0.943109468063257
PLY_009	79	216	278	573	9738	0.941158348736907
PLY_010	91	224	398	713	9738	0.92678168001643
PT_003	72	188	322	582	9738	0.940234134319162
PT_006	82	192	289	563	9738	0.942185253645512
PT_008	68	190	352	610	9738	0.937358800575067
PT_009	69	188	254	511	9738	0.947525159170261
PT_010	81	195	283	559	9738	0.942596015608955
PT_011	64	195	294	553	9738	0.943212158554118
PT_012	55	189	1065	1309	9738	0.865578147463545
PT_013	78	197	302	577	9738	0.940747586773465
PT_014	64	181	1395	1640	9738	0.831587594988704
PT_016	69	196	323	588	9738	0.939617991373999
PT_017	84	187	376	647	9738	0.933559252413227
PT_018	90	197	201	488	9738	0.949887040460053
PT_019	79	187	274	540	9738	0.944547134935305
PT_01n	83	181	308	572	9738	0.941261039227767
PT_020	92	216	350	658	9738	0.932429657013761
PT_04n	87	191	494	772	9738	0.920722941055658
PT_05n	92	209	436	737	9738	0.924317108235777
PT_07n	276	228	114	618	9738	0.936537276648182
PVT_001	79	231	624	934	9738	0.90408708153625
PVT_002	79	214	816	1109	9738	0.886116245635654
PVT_003	84	202	786	1072	9738	0.889915793797494
PVT_004	74	200	242	516	9738	0.947011706715958
PVT_005	78	230	266	574	9738	0.941055658246046
PVT_006	83	207	306	596	9738	0.938796467447114
PVT_007	68	205	259	532	9738	0.945368658862189
PVT_008	69	189	373	631	9738	0.935202300266995
PVT_009	75	206	644	925	9738	0.905011295953995
PVT_010	62	203	279	544	9738	0.944136372971863
SHN_102	69	217	499	785	9738	0.919387964674471
SHN_103	72	191	1003	1266	9738	0.869993838570548
SHN_104	73	217	277	567	9738	0.94177449168207
SHN_151	62	205	871	1138	9738	0.883138221400698
SHN_152	62	188	879	1129	9738	0.884062435818443
SsLI1101_1	61	186	438	685	9738	0.929657013760526
SsLI1102_1	89	207	301	597	9738	0.938693776956254
SsLI1102_2	67	196	447	710	9738	0.927089751489012
SsLI1102_3	78	199	440	717	9738	0.926370918052988
SsLI1102_4	81	185	417	683	9738	0.929862394742247
SsLI1107_1	65	218	762	1045	9738	0.892688437050729
SsLI1107_2	60	194	498	752	9738	0.922776750872869
SsLI1107_3	78	213	439	730	9738	0.925035941671801
SsLI1112_1	59	175	534	768	9738	0.9211337030191
SsLI1112_2	72	187	499	758	9738	0.922160607927706
SsLI1113_4	157	207	503	867	9738	0.910967344423906
SsLI1113_5	67	171	446	684	9738	0.929759704251386
SsLI1116_2	74	195	583	852	9738	0.912507701786815
SsLI1117_2	62	207	250	519	9738	0.946703635243376
SsLI1117_4	82	207	606	895	9738	0.908092010679811
SsLI2101_7	83	202	613	898	9738	0.907783939207229
SsLI2107_1	67	192	481	740	9738	0.924009036763196
SsLI2107_2	77	197	384	658	9738	0.932429657013761
SsLI2108_1	80	216	496	792	9738	0.918669131238447
SsLI2108_2n	87	184	476	747	9738	0.923290203327172
SsLI2108_3	48	199	989	1236	9738	0.873074553296365
SsLI2109_2	70	220	429	719	9738	0.926165537071267
SsLI2109_3	67	212	420	699	9738	0.928219346888478
SsLI2109_4	68	231	455	754	9738	0.922571369891148
SsLI3105_2	72	191	417	680	9738	0.930170466214828
SsLI3105_3	84	210	714	1008	9738	0.896487985212569
SsLI3105_5	67	222	319	608	9738	0.937564181556788
SsLI3109_1	72	200	453	725	9738	0.925549394126104
SsLI3109_2	71	194	406	671	9738	0.931094680632573
SsLI3109_3	76	207	412	695	9738	0.92863010885192
SsLI3109_4	84	215	418	717	9738	0.926370918052988
SsLI3109_5	75	192	436	703	9738	0.927808584925036
SsLI4106_1	74	196	310	580	9738	0.940439515300883
SsLI4106_2	79	209	346	634	9738	0.934894228794414
SsLI4106_3	89	196	358	643	9738	0.933970014376669
SsLI4106_4	74	190	342	606	9738	0.937769562538509
SsLI4106_5	95	194	225	514	9738	0.947217087697679
SsLI4109_1	98	219	212	529	9738	0.945676730334771
SsLI4109_3n	79	182	496	757	9738	0.922263298418566
SsLI4121_2	67	182	444	693	9738	0.928835489833641
SsLI4121_3	81	211	383	675	9738	0.930683918669131
SsLI4121_4	74	201	560	835	9738	0.914253440131444
SsLI4121_5	76	206	368	650	9738	0.933251180940645
SsLI4129_1	64	191	467	722	9738	0.925857465598686
SsLI4129_2	74	209	336	619	9738	0.936434586157322
SsLI4129_3	64	198	638	900	9738	0.907578558225508
SsLI4139_1	74	220	264	558	9738	0.942698706099815
SsLI4146_1	71	223	462	756	9738	0.922365988909427
SsLI4146_2	81	196	403	680	9738	0.930170466214828
WV1_001	72	217	404	693	9738	0.928835489833641
WV1_002	88	207	463	758	9738	0.922160607927706
WV1_003	73	210	458	741	9738	0.923906346272335
WV1_004	67	192	461	720	9738	0.926062846580407
WV1_005	86	222	488	796	9738	0.918258369275005
WV1_006	77	212	516	805	9738	0.91733415485726
WV1_007	69	187	978	1234	9738	0.873279934278086
WV1_008	59	199	758	1016	9738	0.895666461285685
WV1_009	68	197	490	755	9738	0.922468679400288
WV1_010	84	215	482	781	9738	0.919798726637913
WV5_001	80	215	490	785	9738	0.919387964674471
WV5_002	71	212	502	785	9738	0.919387964674471
WV5_003	57	212	489	758	9738	0.922160607927706
WV5_004	81	226	492	799	9738	0.917950297802424
WV5_005	74	207	474	755	9738	0.922468679400288
WV5_006	71	199	953	1223	9738	0.874409529677552
WV5_007	57	196	487	740	9738	0.924009036763196
WV5_008	65	211	485	761	9738	0.921852536455124
WV5_009	76	228	485	789	9738	0.918977202711029
WV5_010	60	222	500	782	9738	0.919696036147053
