Detecting adapter sequence for read1...
No adapter detected for read1

Read1 before filtering:
total reads: 228768
total bases: 64708838
Q20 bases: 64708838(100%)
Q30 bases: 64708838(100%)

Read1 after filtering:
total reads: 228768
total bases: 64708838
Q20 bases: 64708838(100%)
Q30 bases: 64708838(100%)

Filtering result:
reads passed filter: 228768
reads failed due to low quality: 0
reads failed due to too many N: 0
reads failed due to too short: 0
reads with adapter trimmed: 0
bases trimmed due to adapters: 0

Duplication rate (may be overestimated since this is SE data): 29.5925%

JSON report: fastp.json
HTML report: fastp.html

fastp -i uniq.fq -o uniq.fq1 -w 8 -Q 
fastp v0.20.1, time used: 17 seconds
